<?xml version="1.0" encoding="UTF-8"?>
<!-- Generated by org.testng.reporters.JUnitXMLReporter -->
<testsuite ignored="0" hostname="DESKTOP-BR3APVB" failures="1" tests="3" name="Test" time="47.123" errors="0" timestamp="22 Jun 2022 04:16:02 GMT">
  <testcase classname="testcases.LoginPageTests" name="Admin_Login_VerifyLoginWithValidCredentials" time="0.074">
    <failure type="java.lang.AssertionError" message="expected [true] but found [false]">
      <![CDATA[java.lang.AssertionError: expected [true] but found [false]
at testcases.LoginPageTests.Admin_Login_VerifyLoginWithValidCredentials(LoginPageTests.java:14)
... Removed 29 stack frames]]>
    </failure>
  </testcase> <!-- Admin_Login_VerifyLoginWithValidCredentials -->
  <testcase classname="testcases.DashboardPageTests" name="verifyAssignLeave" time="0.107"/>
  <testcase classname="testcases.DashboardPageTests" name="verifyLeaveList" time="1.433"/>
</testsuite> <!-- Test -->
