<?xml version="1.0" encoding="UTF-8"?>
<testsuite xmlns:xsi="http://www.w3.org/2001/XMLSchema-instance" xsi:noNamespaceSchemaLocation="https://maven.apache.org/surefire/maven-surefire-plugin/xsd/surefire-test-report.xsd" name="TestSuite" time="18.446" tests="9" errors="0" skipped="3" failures="6">
  <properties>
    <property name="sun.desktop" value="windows"/>
    <property name="awt.toolkit" value="sun.awt.windows.WToolkit"/>
    <property name="file.encoding.pkg" value="sun.io"/>
    <property name="java.specification.version" value="1.8"/>
    <property name="sun.cpu.isalist" value="amd64"/>
    <property name="sun.jnu.encoding" value="Cp1252"/>
    <property name="java.class.path" value="E:\April-2022\HRMPOM\target\test-classes;E:\April-2022\HRMPOM\target\classes;C:\Users\HP\.m2\repository\org\seleniumhq\selenium\selenium-java\3.141.59\selenium-java-3.141.59.jar;C:\Users\HP\.m2\repository\org\seleniumhq\selenium\selenium-api\3.141.59\selenium-api-3.141.59.jar;C:\Users\HP\.m2\repository\org\seleniumhq\selenium\selenium-chrome-driver\3.141.59\selenium-chrome-driver-3.141.59.jar;C:\Users\HP\.m2\repository\org\seleniumhq\selenium\selenium-edge-driver\3.141.59\selenium-edge-driver-3.141.59.jar;C:\Users\HP\.m2\repository\org\seleniumhq\selenium\selenium-firefox-driver\3.141.59\selenium-firefox-driver-3.141.59.jar;C:\Users\HP\.m2\repository\org\seleniumhq\selenium\selenium-ie-driver\3.141.59\selenium-ie-driver-3.141.59.jar;C:\Users\HP\.m2\repository\org\seleniumhq\selenium\selenium-opera-driver\3.141.59\selenium-opera-driver-3.141.59.jar;C:\Users\HP\.m2\repository\org\seleniumhq\selenium\selenium-remote-driver\3.141.59\selenium-remote-driver-3.141.59.jar;C:\Users\HP\.m2\repository\org\seleniumhq\selenium\selenium-safari-driver\3.141.59\selenium-safari-driver-3.141.59.jar;C:\Users\HP\.m2\repository\org\seleniumhq\selenium\selenium-support\3.141.59\selenium-support-3.141.59.jar;C:\Users\HP\.m2\repository\net\bytebuddy\byte-buddy\1.8.15\byte-buddy-1.8.15.jar;C:\Users\HP\.m2\repository\org\apache\commons\commons-exec\1.3\commons-exec-1.3.jar;C:\Users\HP\.m2\repository\com\google\guava\guava\25.0-jre\guava-25.0-jre.jar;C:\Users\HP\.m2\repository\com\google\code\findbugs\jsr305\1.3.9\jsr305-1.3.9.jar;C:\Users\HP\.m2\repository\org\checkerframework\checker-compat-qual\2.0.0\checker-compat-qual-2.0.0.jar;C:\Users\HP\.m2\repository\com\google\errorprone\error_prone_annotations\2.1.3\error_prone_annotations-2.1.3.jar;C:\Users\HP\.m2\repository\com\google\j2objc\j2objc-annotations\1.1\j2objc-annotations-1.1.jar;C:\Users\HP\.m2\repository\org\codehaus\mojo\animal-sniffer-annotations\1.14\animal-sniffer-annotations-1.14.jar;C:\Users\HP\.m2\repository\com\squareup\okhttp3\okhttp\3.11.0\okhttp-3.11.0.jar;C:\Users\HP\.m2\repository\com\squareup\okio\okio\1.14.0\okio-1.14.0.jar;C:\Users\HP\.m2\repository\commons-io\commons-io\2.11.0\commons-io-2.11.0.jar;C:\Users\HP\.m2\repository\org\testng\testng\6.14.3\testng-6.14.3.jar;C:\Users\HP\.m2\repository\com\beust\jcommander\1.72\jcommander-1.72.jar;C:\Users\HP\.m2\repository\org\apache-extras\beanshell\bsh\2.0b6\bsh-2.0b6.jar;C:\Users\HP\.m2\repository\org\apache\poi\poi\4.1.2\poi-4.1.2.jar;C:\Users\HP\.m2\repository\commons-codec\commons-codec\1.13\commons-codec-1.13.jar;C:\Users\HP\.m2\repository\org\apache\commons\commons-collections4\4.4\commons-collections4-4.4.jar;C:\Users\HP\.m2\repository\org\apache\commons\commons-math3\3.6.1\commons-math3-3.6.1.jar;C:\Users\HP\.m2\repository\com\zaxxer\SparseBitSet\1.2\SparseBitSet-1.2.jar;C:\Users\HP\.m2\repository\org\apache\poi\poi-ooxml\4.1.2\poi-ooxml-4.1.2.jar;C:\Users\HP\.m2\repository\org\apache\poi\poi-ooxml-schemas\4.1.2\poi-ooxml-schemas-4.1.2.jar;C:\Users\HP\.m2\repository\org\apache\xmlbeans\xmlbeans\3.1.0\xmlbeans-3.1.0.jar;C:\Users\HP\.m2\repository\org\apache\commons\commons-compress\1.19\commons-compress-1.19.jar;C:\Users\HP\.m2\repository\com\github\virtuald\curvesapi\1.06\curvesapi-1.06.jar;C:\Users\HP\.m2\repository\org\apache\maven\surefire\surefire-testng-utils\2.21.0\surefire-testng-utils-2.21.0.jar;C:\Users\HP\.m2\repository\org\apache\maven\surefire\surefire-grouper\2.21.0\surefire-grouper-2.21.0.jar;"/>
    <property name="java.vm.vendor" value="Oracle Corporation"/>
    <property name="sun.arch.data.model" value="64"/>
    <property name="user.variant" value=""/>
    <property name="java.vendor.url" value="http://java.oracle.com/"/>
    <property name="user.timezone" value=""/>
    <property name="java.vm.specification.version" value="1.8"/>
    <property name="os.name" value="Windows 10"/>
    <property name="user.country" value="IN"/>
    <property name="sun.java.launcher" value="SUN_STANDARD"/>
    <property name="sun.boot.library.path" value="C:\Program Files\Java\jdk1.8.0_331\jre\bin"/>
    <property name="sun.java.command" value="C:\Users\HP\AppData\Local\Temp\surefire4995206542980635464\surefirebooter2985514793926738035.jar C:\Users\HP\AppData\Local\Temp\surefire4995206542980635464 2022-06-29T09-45-37_743-jvmRun1 surefire157183032678333566tmp surefire_03673661318784300524tmp"/>
    <property name="surefire.test.class.path" value="E:\April-2022\HRMPOM\target\test-classes;E:\April-2022\HRMPOM\target\classes;C:\Users\HP\.m2\repository\org\seleniumhq\selenium\selenium-java\3.141.59\selenium-java-3.141.59.jar;C:\Users\HP\.m2\repository\org\seleniumhq\selenium\selenium-api\3.141.59\selenium-api-3.141.59.jar;C:\Users\HP\.m2\repository\org\seleniumhq\selenium\selenium-chrome-driver\3.141.59\selenium-chrome-driver-3.141.59.jar;C:\Users\HP\.m2\repository\org\seleniumhq\selenium\selenium-edge-driver\3.141.59\selenium-edge-driver-3.141.59.jar;C:\Users\HP\.m2\repository\org\seleniumhq\selenium\selenium-firefox-driver\3.141.59\selenium-firefox-driver-3.141.59.jar;C:\Users\HP\.m2\repository\org\seleniumhq\selenium\selenium-ie-driver\3.141.59\selenium-ie-driver-3.141.59.jar;C:\Users\HP\.m2\repository\org\seleniumhq\selenium\selenium-opera-driver\3.141.59\selenium-opera-driver-3.141.59.jar;C:\Users\HP\.m2\repository\org\seleniumhq\selenium\selenium-remote-driver\3.141.59\selenium-remote-driver-3.141.59.jar;C:\Users\HP\.m2\repository\org\seleniumhq\selenium\selenium-safari-driver\3.141.59\selenium-safari-driver-3.141.59.jar;C:\Users\HP\.m2\repository\org\seleniumhq\selenium\selenium-support\3.141.59\selenium-support-3.141.59.jar;C:\Users\HP\.m2\repository\net\bytebuddy\byte-buddy\1.8.15\byte-buddy-1.8.15.jar;C:\Users\HP\.m2\repository\org\apache\commons\commons-exec\1.3\commons-exec-1.3.jar;C:\Users\HP\.m2\repository\com\google\guava\guava\25.0-jre\guava-25.0-jre.jar;C:\Users\HP\.m2\repository\com\google\code\findbugs\jsr305\1.3.9\jsr305-1.3.9.jar;C:\Users\HP\.m2\repository\org\checkerframework\checker-compat-qual\2.0.0\checker-compat-qual-2.0.0.jar;C:\Users\HP\.m2\repository\com\google\errorprone\error_prone_annotations\2.1.3\error_prone_annotations-2.1.3.jar;C:\Users\HP\.m2\repository\com\google\j2objc\j2objc-annotations\1.1\j2objc-annotations-1.1.jar;C:\Users\HP\.m2\repository\org\codehaus\mojo\animal-sniffer-annotations\1.14\animal-sniffer-annotations-1.14.jar;C:\Users\HP\.m2\repository\com\squareup\okhttp3\okhttp\3.11.0\okhttp-3.11.0.jar;C:\Users\HP\.m2\repository\com\squareup\okio\okio\1.14.0\okio-1.14.0.jar;C:\Users\HP\.m2\repository\commons-io\commons-io\2.11.0\commons-io-2.11.0.jar;C:\Users\HP\.m2\repository\org\testng\testng\6.14.3\testng-6.14.3.jar;C:\Users\HP\.m2\repository\com\beust\jcommander\1.72\jcommander-1.72.jar;C:\Users\HP\.m2\repository\org\apache-extras\beanshell\bsh\2.0b6\bsh-2.0b6.jar;C:\Users\HP\.m2\repository\org\apache\poi\poi\4.1.2\poi-4.1.2.jar;C:\Users\HP\.m2\repository\commons-codec\commons-codec\1.13\commons-codec-1.13.jar;C:\Users\HP\.m2\repository\org\apache\commons\commons-collections4\4.4\commons-collections4-4.4.jar;C:\Users\HP\.m2\repository\org\apache\commons\commons-math3\3.6.1\commons-math3-3.6.1.jar;C:\Users\HP\.m2\repository\com\zaxxer\SparseBitSet\1.2\SparseBitSet-1.2.jar;C:\Users\HP\.m2\repository\org\apache\poi\poi-ooxml\4.1.2\poi-ooxml-4.1.2.jar;C:\Users\HP\.m2\repository\org\apache\poi\poi-ooxml-schemas\4.1.2\poi-ooxml-schemas-4.1.2.jar;C:\Users\HP\.m2\repository\org\apache\xmlbeans\xmlbeans\3.1.0\xmlbeans-3.1.0.jar;C:\Users\HP\.m2\repository\org\apache\commons\commons-compress\1.19\commons-compress-1.19.jar;C:\Users\HP\.m2\repository\com\github\virtuald\curvesapi\1.06\curvesapi-1.06.jar;C:\Users\HP\.m2\repository\org\apache\maven\surefire\surefire-testng-utils\2.21.0\surefire-testng-utils-2.21.0.jar;C:\Users\HP\.m2\repository\org\apache\maven\surefire\surefire-grouper\2.21.0\surefire-grouper-2.21.0.jar;"/>
    <property name="sun.cpu.endian" value="little"/>
    <property name="user.home" value="C:\Users\HP"/>
    <property name="user.language" value="en"/>
    <property name="java.specification.vendor" value="Oracle Corporation"/>
    <property name="java.home" value="C:\Program Files\Java\jdk1.8.0_331\jre"/>
    <property name="basedir" value="E:\April-2022\HRMPOM"/>
    <property name="file.separator" value="\"/>
    <property name="line.separator" value="&#10;"/>
    <property name="java.vm.specification.vendor" value="Oracle Corporation"/>
    <property name="java.specification.name" value="Java Platform API Specification"/>
    <property name="java.awt.graphicsenv" value="sun.awt.Win32GraphicsEnvironment"/>
    <property name="surefire.real.class.path" value="C:\Users\HP\AppData\Local\Temp\surefire4995206542980635464\surefirebooter2985514793926738035.jar"/>
    <property name="sun.boot.class.path" value="C:\Program Files\Java\jdk1.8.0_331\jre\lib\resources.jar;C:\Program Files\Java\jdk1.8.0_331\jre\lib\rt.jar;C:\Program Files\Java\jdk1.8.0_331\jre\lib\sunrsasign.jar;C:\Program Files\Java\jdk1.8.0_331\jre\lib\jsse.jar;C:\Program Files\Java\jdk1.8.0_331\jre\lib\jce.jar;C:\Program Files\Java\jdk1.8.0_331\jre\lib\charsets.jar;C:\Program Files\Java\jdk1.8.0_331\jre\lib\jfr.jar;C:\Program Files\Java\jdk1.8.0_331\jre\classes"/>
    <property name="user.script" value=""/>
    <property name="sun.management.compiler" value="HotSpot 64-Bit Tiered Compilers"/>
    <property name="java.runtime.version" value="1.8.0_331-b09"/>
    <property name="user.name" value="HP"/>
    <property name="path.separator" value=";"/>
    <property name="os.version" value="10.0"/>
    <property name="java.endorsed.dirs" value="C:\Program Files\Java\jdk1.8.0_331\jre\lib\endorsed"/>
    <property name="java.runtime.name" value="Java(TM) SE Runtime Environment"/>
    <property name="file.encoding" value="Cp1252"/>
    <property name="java.vm.name" value="Java HotSpot(TM) 64-Bit Server VM"/>
    <property name="localRepository" value="C:\Users\HP\.m2\repository"/>
    <property name="java.vendor.url.bug" value="http://bugreport.sun.com/bugreport/"/>
    <property name="java.io.tmpdir" value="C:\Users\HP\AppData\Local\Temp\"/>
    <property name="java.version" value="1.8.0_331"/>
    <property name="user.dir" value="E:\April-2022\HRMPOM"/>
    <property name="os.arch" value="amd64"/>
    <property name="java.vm.specification.name" value="Java Virtual Machine Specification"/>
    <property name="java.awt.printerjob" value="sun.awt.windows.WPrinterJob"/>
    <property name="sun.os.patch.level" value=""/>
    <property name="java.library.path" value="C:\Program Files\Java\jdk1.8.0_331\jre\bin;C:\Windows\Sun\Java\bin;C:\Windows\system32;C:\Windows;C:\Users\HP\bin;C:\Program Files\Git\mingw64\bin;C:\Program Files\Git\usr\local\bin;C:\Program Files\Git\usr\bin;C:\Program Files\Git\usr\bin;C:\Program Files\Git\mingw64\bin;C:\Program Files\Git\usr\bin;C:\Users\HP\bin;C:\Program Files (x86)\Common Files\Oracle\Java\javapath;C:\Windows\system32;C:\Windows;C:\Windows\System32\Wbem;C:\Windows\System32\WindowsPowerShell\v1.0;C:\Windows\System32\OpenSSH;C:\Program Files\Java\jdk1.8.0_331\bin;C:\Users\HP\Downloads\May_2022_Downloads\apache-maven-3.8.6\bin;C:\Users\HP\Downloads\May_2022_Downloads\apache-maven-3.8.6\lib;C:\Program Files\Microsoft SQL Server\Client SDK\ODBC\170\Tools\Binn;C:\Program Files (x86)\Microsoft SQL Server\150\Tools\Binn;C:\Program Files\Microsoft SQL Server\150\Tools\Binn;C:\Program Files\Microsoft SQL Server\150\DTS\Binn;C:\Program Files (x86)\Microsoft SQL Server\150\DTS\Binn;C:\Program Files\Azure Data Studio\bin;C:\Program Files\nodejs;C:\Program Files\Java\jdk1.8.0_331\bin;C:\Program Files\Git\cmd;C:\Users\HP\AppData\Local\Mozilla Firefox;C:\Users\HP\AppData\Local\Microsoft\WindowsApps;C:\Program Files\Azure Data Studio\bin;C:\Users\HP\AppData\Roaming\npm;C:\Program Files\Git\usr\bin\vendor_perl;C:\Program Files\Git\usr\bin\core_perl;."/>
    <property name="java.vm.info" value="mixed mode"/>
    <property name="java.vendor" value="Oracle Corporation"/>
    <property name="java.vm.version" value="25.331-b09"/>
    <property name="java.ext.dirs" value="C:\Program Files\Java\jdk1.8.0_331\jre\lib\ext;C:\Windows\Sun\Java\lib\ext"/>
    <property name="sun.io.unicode.encoding" value="UnicodeLittle"/>
    <property name="java.class.version" value="52.0"/>
  </properties>
  <testcase name="login" classname="testcases.LoginPageTests" time="13.671">
    <failure message="session not created: This version of ChromeDriver only supports Chrome version 101&#10;Current browser version is 103.0.5060.53 with binary path C:\Program Files\Google\Chrome\Application\chrome.exe&#10;Build info: version: &apos;3.141.59&apos;, revision: &apos;e82be7d358&apos;, time: &apos;2018-11-14T08:17:03&apos;&#10;System info: host: &apos;DESKTOP-BR3APVB&apos;, ip: &apos;192.168.29.227&apos;, os.name: &apos;Windows 10&apos;, os.arch: &apos;amd64&apos;, os.version: &apos;10.0&apos;, java.version: &apos;1.8.0_331&apos;&#10;Driver info: driver.version: ChromeDriver&#10;remote stacktrace: Backtrace:&#10;	Ordinal0 [0x0100B8F3+2406643]&#10;	Ordinal0 [0x00F9AF31+1945393]&#10;	Ordinal0 [0x00E8C748+837448]&#10;	Ordinal0 [0x00EAC8B3+968883]&#10;	Ordinal0 [0x00EA84BA+951482]&#10;	Ordinal0 [0x00EA5D71+941425]&#10;	Ordinal0 [0x00ED8EE0+1150688]&#10;	Ordinal0 [0x00ED8B3A+1149754]&#10;	Ordinal0 [0x00ED4096+1130646]&#10;	Ordinal0 [0x00EAE636+976438]&#10;	Ordinal0 [0x00EAF546+980294]&#10;	GetHandleVerifier [0x01279612+2498066]&#10;	GetHandleVerifier [0x0126C920+2445600]&#10;	GetHandleVerifier [0x010A4F2A+579370]&#10;	GetHandleVerifier [0x010A3D36+574774]&#10;	Ordinal0 [0x00FA1C0B+1973259]&#10;	Ordinal0 [0x00FA6688+1992328]&#10;	Ordinal0 [0x00FA6775+1992565]&#10;	Ordinal0 [0x00FAF8D1+2029777]&#10;	BaseThreadInitThunk [0x75DFFA29+25]&#10;	RtlGetAppContainerNamedObjectPath [0x773E7A7E+286]&#10;	RtlGetAppContainerNamedObjectPath [0x773E7A4E+238]&#10;" type="org.openqa.selenium.SessionNotCreatedException">org.openqa.selenium.SessionNotCreatedException: 
session not created: This version of ChromeDriver only supports Chrome version 101
Current browser version is 103.0.5060.53 with binary path C:\Program Files\Google\Chrome\Application\chrome.exe
Build info: version: '3.141.59', revision: 'e82be7d358', time: '2018-11-14T08:17:03'
System info: host: 'DESKTOP-BR3APVB', ip: '192.168.29.227', os.name: 'Windows 10', os.arch: 'amd64', os.version: '10.0', java.version: '1.8.0_331'
Driver info: driver.version: ChromeDriver
remote stacktrace: Backtrace:
	Ordinal0 [0x0100B8F3+2406643]
	Ordinal0 [0x00F9AF31+1945393]
	Ordinal0 [0x00E8C748+837448]
	Ordinal0 [0x00EAC8B3+968883]
	Ordinal0 [0x00EA84BA+951482]
	Ordinal0 [0x00EA5D71+941425]
	Ordinal0 [0x00ED8EE0+1150688]
	Ordinal0 [0x00ED8B3A+1149754]
	Ordinal0 [0x00ED4096+1130646]
	Ordinal0 [0x00EAE636+976438]
	Ordinal0 [0x00EAF546+980294]
	GetHandleVerifier [0x01279612+2498066]
	GetHandleVerifier [0x0126C920+2445600]
	GetHandleVerifier [0x010A4F2A+579370]
	GetHandleVerifier [0x010A3D36+574774]
	Ordinal0 [0x00FA1C0B+1973259]
	Ordinal0 [0x00FA6688+1992328]
	Ordinal0 [0x00FA6775+1992565]
	Ordinal0 [0x00FAF8D1+2029777]
	BaseThreadInitThunk [0x75DFFA29+25]
	RtlGetAppContainerNamedObjectPath [0x773E7A7E+286]
	RtlGetAppContainerNamedObjectPath [0x773E7A4E+238]

</failure>
    <system-out><![CDATA[[TestNGContentHandler] [WARN] It is strongly recommended to add "<!DOCTYPE suite SYSTEM "http://testng.org/testng-1.0.dtd" >" at the top of your file, otherwise TestNG may fail or not work as expected.
==> Test Case Execution Started
SetUp Browser
]]></system-out>
    <system-err><![CDATA[Starting ChromeDriver 101.0.4951.41 (93c720db8323b3ec10d056025ab95c23a31997c9-refs/branch-heads/4951@{#904}) on port 28437
Only local connections are allowed.
Please see https://chromedriver.chromium.org/security-considerations for suggestions on keeping ChromeDriver safe.
ChromeDriver was started successfully.
]]></system-err>
  </testcase>
  <testcase name="Admin_Login_VerifyLoginWithValidCredentials" classname="testcases.LoginPageTests" time="0">
    <skipped message="session not created: This version of ChromeDriver only supports Chrome version 101&#10;Current browser version is 103.0.5060.53 with binary path C:\Program Files\Google\Chrome\Application\chrome.exe&#10;Build info: version: &apos;3.141.59&apos;, revision: &apos;e82be7d358&apos;, time: &apos;2018-11-14T08:17:03&apos;&#10;System info: host: &apos;DESKTOP-BR3APVB&apos;, ip: &apos;192.168.29.227&apos;, os.name: &apos;Windows 10&apos;, os.arch: &apos;amd64&apos;, os.version: &apos;10.0&apos;, java.version: &apos;1.8.0_331&apos;&#10;Driver info: driver.version: ChromeDriver&#10;remote stacktrace: Backtrace:&#10;	Ordinal0 [0x0100B8F3+2406643]&#10;	Ordinal0 [0x00F9AF31+1945393]&#10;	Ordinal0 [0x00E8C748+837448]&#10;	Ordinal0 [0x00EAC8B3+968883]&#10;	Ordinal0 [0x00EA84BA+951482]&#10;	Ordinal0 [0x00EA5D71+941425]&#10;	Ordinal0 [0x00ED8EE0+1150688]&#10;	Ordinal0 [0x00ED8B3A+1149754]&#10;	Ordinal0 [0x00ED4096+1130646]&#10;	Ordinal0 [0x00EAE636+976438]&#10;	Ordinal0 [0x00EAF546+980294]&#10;	GetHandleVerifier [0x01279612+2498066]&#10;	GetHandleVerifier [0x0126C920+2445600]&#10;	GetHandleVerifier [0x010A4F2A+579370]&#10;	GetHandleVerifier [0x010A3D36+574774]&#10;	Ordinal0 [0x00FA1C0B+1973259]&#10;	Ordinal0 [0x00FA6688+1992328]&#10;	Ordinal0 [0x00FA6775+1992565]&#10;	Ordinal0 [0x00FAF8D1+2029777]&#10;	BaseThreadInitThunk [0x75DFFA29+25]&#10;	RtlGetAppContainerNamedObjectPath [0x773E7A7E+286]&#10;	RtlGetAppContainerNamedObjectPath [0x773E7A4E+238]&#10;"/>
    <system-out><![CDATA[Admin_Login_VerifyLoginWithValidCredentials==> Test Case SKIPPED
]]></system-out>
  </testcase>
  <testcase name="logout" classname="testcases.LoginPageTests" time="13.675">
    <failure type="java.lang.NullPointerException">java.lang.NullPointerException
</failure>
  </testcase>
  <testcase name="login" classname="testcases.DashboardPageTests" time="15.738">
    <failure message="session not created: This version of ChromeDriver only supports Chrome version 101&#10;Current browser version is 103.0.5060.53 with binary path C:\Program Files\Google\Chrome\Application\chrome.exe&#10;Build info: version: &apos;3.141.59&apos;, revision: &apos;e82be7d358&apos;, time: &apos;2018-11-14T08:17:03&apos;&#10;System info: host: &apos;DESKTOP-BR3APVB&apos;, ip: &apos;192.168.29.227&apos;, os.name: &apos;Windows 10&apos;, os.arch: &apos;amd64&apos;, os.version: &apos;10.0&apos;, java.version: &apos;1.8.0_331&apos;&#10;Driver info: driver.version: ChromeDriver&#10;remote stacktrace: Backtrace:&#10;	Ordinal0 [0x0100B8F3+2406643]&#10;	Ordinal0 [0x00F9AF31+1945393]&#10;	Ordinal0 [0x00E8C748+837448]&#10;	Ordinal0 [0x00EAC8B3+968883]&#10;	Ordinal0 [0x00EA84BA+951482]&#10;	Ordinal0 [0x00EA5D71+941425]&#10;	Ordinal0 [0x00ED8EE0+1150688]&#10;	Ordinal0 [0x00ED8B3A+1149754]&#10;	Ordinal0 [0x00ED4096+1130646]&#10;	Ordinal0 [0x00EAE636+976438]&#10;	Ordinal0 [0x00EAF546+980294]&#10;	GetHandleVerifier [0x01279612+2498066]&#10;	GetHandleVerifier [0x0126C920+2445600]&#10;	GetHandleVerifier [0x010A4F2A+579370]&#10;	GetHandleVerifier [0x010A3D36+574774]&#10;	Ordinal0 [0x00FA1C0B+1973259]&#10;	Ordinal0 [0x00FA6688+1992328]&#10;	Ordinal0 [0x00FA6775+1992565]&#10;	Ordinal0 [0x00FAF8D1+2029777]&#10;	BaseThreadInitThunk [0x75DFFA29+25]&#10;	RtlGetAppContainerNamedObjectPath [0x773E7A7E+286]&#10;	RtlGetAppContainerNamedObjectPath [0x773E7A4E+238]&#10;" type="org.openqa.selenium.SessionNotCreatedException">org.openqa.selenium.SessionNotCreatedException: 
session not created: This version of ChromeDriver only supports Chrome version 101
Current browser version is 103.0.5060.53 with binary path C:\Program Files\Google\Chrome\Application\chrome.exe
Build info: version: '3.141.59', revision: 'e82be7d358', time: '2018-11-14T08:17:03'
System info: host: 'DESKTOP-BR3APVB', ip: '192.168.29.227', os.name: 'Windows 10', os.arch: 'amd64', os.version: '10.0', java.version: '1.8.0_331'
Driver info: driver.version: ChromeDriver
remote stacktrace: Backtrace:
	Ordinal0 [0x0100B8F3+2406643]
	Ordinal0 [0x00F9AF31+1945393]
	Ordinal0 [0x00E8C748+837448]
	Ordinal0 [0x00EAC8B3+968883]
	Ordinal0 [0x00EA84BA+951482]
	Ordinal0 [0x00EA5D71+941425]
	Ordinal0 [0x00ED8EE0+1150688]
	Ordinal0 [0x00ED8B3A+1149754]
	Ordinal0 [0x00ED4096+1130646]
	Ordinal0 [0x00EAE636+976438]
	Ordinal0 [0x00EAF546+980294]
	GetHandleVerifier [0x01279612+2498066]
	GetHandleVerifier [0x0126C920+2445600]
	GetHandleVerifier [0x010A4F2A+579370]
	GetHandleVerifier [0x010A3D36+574774]
	Ordinal0 [0x00FA1C0B+1973259]
	Ordinal0 [0x00FA6688+1992328]
	Ordinal0 [0x00FA6775+1992565]
	Ordinal0 [0x00FAF8D1+2029777]
	BaseThreadInitThunk [0x75DFFA29+25]
	RtlGetAppContainerNamedObjectPath [0x773E7A7E+286]
	RtlGetAppContainerNamedObjectPath [0x773E7A4E+238]

</failure>
    <system-out><![CDATA[SetUp Browser
]]></system-out>
    <system-err><![CDATA[Starting ChromeDriver 101.0.4951.41 (93c720db8323b3ec10d056025ab95c23a31997c9-refs/branch-heads/4951@{#904}) on port 21696
Only local connections are allowed.
Please see https://chromedriver.chromium.org/security-considerations for suggestions on keeping ChromeDriver safe.
ChromeDriver was started successfully.
]]></system-err>
  </testcase>
  <testcase name="login" classname="testcases.DashboardPageTests" time="17.995">
    <failure message="session not created: This version of ChromeDriver only supports Chrome version 101&#10;Current browser version is 103.0.5060.53 with binary path C:\Program Files\Google\Chrome\Application\chrome.exe&#10;Build info: version: &apos;3.141.59&apos;, revision: &apos;e82be7d358&apos;, time: &apos;2018-11-14T08:17:03&apos;&#10;System info: host: &apos;DESKTOP-BR3APVB&apos;, ip: &apos;192.168.29.227&apos;, os.name: &apos;Windows 10&apos;, os.arch: &apos;amd64&apos;, os.version: &apos;10.0&apos;, java.version: &apos;1.8.0_331&apos;&#10;Driver info: driver.version: ChromeDriver&#10;remote stacktrace: Backtrace:&#10;	Ordinal0 [0x0100B8F3+2406643]&#10;	Ordinal0 [0x00F9AF31+1945393]&#10;	Ordinal0 [0x00E8C748+837448]&#10;	Ordinal0 [0x00EAC8B3+968883]&#10;	Ordinal0 [0x00EA84BA+951482]&#10;	Ordinal0 [0x00EA5D71+941425]&#10;	Ordinal0 [0x00ED8EE0+1150688]&#10;	Ordinal0 [0x00ED8B3A+1149754]&#10;	Ordinal0 [0x00ED4096+1130646]&#10;	Ordinal0 [0x00EAE636+976438]&#10;	Ordinal0 [0x00EAF546+980294]&#10;	GetHandleVerifier [0x01279612+2498066]&#10;	GetHandleVerifier [0x0126C920+2445600]&#10;	GetHandleVerifier [0x010A4F2A+579370]&#10;	GetHandleVerifier [0x010A3D36+574774]&#10;	Ordinal0 [0x00FA1C0B+1973259]&#10;	Ordinal0 [0x00FA6688+1992328]&#10;	Ordinal0 [0x00FA6775+1992565]&#10;	Ordinal0 [0x00FAF8D1+2029777]&#10;	BaseThreadInitThunk [0x75DFFA29+25]&#10;	RtlGetAppContainerNamedObjectPath [0x773E7A7E+286]&#10;	RtlGetAppContainerNamedObjectPath [0x773E7A4E+238]&#10;" type="org.openqa.selenium.SessionNotCreatedException">org.openqa.selenium.SessionNotCreatedException: 
session not created: This version of ChromeDriver only supports Chrome version 101
Current browser version is 103.0.5060.53 with binary path C:\Program Files\Google\Chrome\Application\chrome.exe
Build info: version: '3.141.59', revision: 'e82be7d358', time: '2018-11-14T08:17:03'
System info: host: 'DESKTOP-BR3APVB', ip: '192.168.29.227', os.name: 'Windows 10', os.arch: 'amd64', os.version: '10.0', java.version: '1.8.0_331'
Driver info: driver.version: ChromeDriver
remote stacktrace: Backtrace:
	Ordinal0 [0x0100B8F3+2406643]
	Ordinal0 [0x00F9AF31+1945393]
	Ordinal0 [0x00E8C748+837448]
	Ordinal0 [0x00EAC8B3+968883]
	Ordinal0 [0x00EA84BA+951482]
	Ordinal0 [0x00EA5D71+941425]
	Ordinal0 [0x00ED8EE0+1150688]
	Ordinal0 [0x00ED8B3A+1149754]
	Ordinal0 [0x00ED4096+1130646]
	Ordinal0 [0x00EAE636+976438]
	Ordinal0 [0x00EAF546+980294]
	GetHandleVerifier [0x01279612+2498066]
	GetHandleVerifier [0x0126C920+2445600]
	GetHandleVerifier [0x010A4F2A+579370]
	GetHandleVerifier [0x010A3D36+574774]
	Ordinal0 [0x00FA1C0B+1973259]
	Ordinal0 [0x00FA6688+1992328]
	Ordinal0 [0x00FA6775+1992565]
	Ordinal0 [0x00FAF8D1+2029777]
	BaseThreadInitThunk [0x75DFFA29+25]
	RtlGetAppContainerNamedObjectPath [0x773E7A7E+286]
	RtlGetAppContainerNamedObjectPath [0x773E7A4E+238]

</failure>
    <system-out><![CDATA[SetUp Browser
]]></system-out>
    <system-err><![CDATA[Starting ChromeDriver 101.0.4951.41 (93c720db8323b3ec10d056025ab95c23a31997c9-refs/branch-heads/4951@{#904}) on port 35272
Only local connections are allowed.
Please see https://chromedriver.chromium.org/security-considerations for suggestions on keeping ChromeDriver safe.
ChromeDriver was started successfully.
]]></system-err>
  </testcase>
  <testcase name="verifyAssignLeave" classname="testcases.DashboardPageTests" time="0">
    <skipped message="session not created: This version of ChromeDriver only supports Chrome version 101&#10;Current browser version is 103.0.5060.53 with binary path C:\Program Files\Google\Chrome\Application\chrome.exe&#10;Build info: version: &apos;3.141.59&apos;, revision: &apos;e82be7d358&apos;, time: &apos;2018-11-14T08:17:03&apos;&#10;System info: host: &apos;DESKTOP-BR3APVB&apos;, ip: &apos;192.168.29.227&apos;, os.name: &apos;Windows 10&apos;, os.arch: &apos;amd64&apos;, os.version: &apos;10.0&apos;, java.version: &apos;1.8.0_331&apos;&#10;Driver info: driver.version: ChromeDriver&#10;remote stacktrace: Backtrace:&#10;	Ordinal0 [0x0100B8F3+2406643]&#10;	Ordinal0 [0x00F9AF31+1945393]&#10;	Ordinal0 [0x00E8C748+837448]&#10;	Ordinal0 [0x00EAC8B3+968883]&#10;	Ordinal0 [0x00EA84BA+951482]&#10;	Ordinal0 [0x00EA5D71+941425]&#10;	Ordinal0 [0x00ED8EE0+1150688]&#10;	Ordinal0 [0x00ED8B3A+1149754]&#10;	Ordinal0 [0x00ED4096+1130646]&#10;	Ordinal0 [0x00EAE636+976438]&#10;	Ordinal0 [0x00EAF546+980294]&#10;	GetHandleVerifier [0x01279612+2498066]&#10;	GetHandleVerifier [0x0126C920+2445600]&#10;	GetHandleVerifier [0x010A4F2A+579370]&#10;	GetHandleVerifier [0x010A3D36+574774]&#10;	Ordinal0 [0x00FA1C0B+1973259]&#10;	Ordinal0 [0x00FA6688+1992328]&#10;	Ordinal0 [0x00FA6775+1992565]&#10;	Ordinal0 [0x00FAF8D1+2029777]&#10;	BaseThreadInitThunk [0x75DFFA29+25]&#10;	RtlGetAppContainerNamedObjectPath [0x773E7A7E+286]&#10;	RtlGetAppContainerNamedObjectPath [0x773E7A4E+238]&#10;"/>
    <system-out><![CDATA[verifyAssignLeave==> Test Case SKIPPED
]]></system-out>
  </testcase>
  <testcase name="logout" classname="testcases.DashboardPageTests" time="15.741">
    <failure type="java.lang.NullPointerException">java.lang.NullPointerException
</failure>
  </testcase>
  <testcase name="logout" classname="testcases.DashboardPageTests" time="17.996">
    <failure type="java.lang.NullPointerException">java.lang.NullPointerException
</failure>
  </testcase>
  <testcase name="verifyLeaveList" classname="testcases.DashboardPageTests" time="0">
    <skipped/>
    <system-out><![CDATA[verifyLeaveList==> Test Case SKIPPED
]]></system-out>
  </testcase>
</testsuite>